[2026-06-01 10:56:23] production.ERROR: The C:\Personal\projects\crypto-futures-signals\bootstrap\cache directory must be present and writable. {"exception":"[object] (Exception(code: 0): The C:\\Personal\\projects\\crypto-futures-signals\\bootstrap\\cache directory must be present and writable. at C:/Personal/projects/crypto-futures-signals/vendor/laravel/framework/src/Illuminate/Foundation/PackageManifest.php:179)
[stacktrace]
#0 C:/Personal/projects/crypto-futures-signals/vendor/laravel/framework/src/Illuminate/Foundation/PackageManifest.php(132): Illuminate/Foundation/PackageManifest->write()
#1 C:/Personal/projects/crypto-futures-signals/vendor/laravel/framework/src/Illuminate/Foundation/PackageManifest.php(108): Illuminate/Foundation/PackageManifest->build()
#2 C:/Personal/projects/crypto-futures-signals/vendor/laravel/framework/src/Illuminate/Foundation/PackageManifest.php(90): Illuminate/Foundation/PackageManifest->getManifest()
#3 C:/Personal/projects/crypto-futures-signals/vendor/laravel/framework/src/Illuminate/Foundation/PackageManifest.php(79): Illuminate/Foundation/PackageManifest->config()
#4 C:/Personal/projects/crypto-futures-signals/vendor/laravel/framework/src/Illuminate/Foundation/Bootstrap/RegisterFacades.php(26): Illuminate/Foundation/PackageManifest->aliases()
#5 C:/Personal/projects/crypto-futures-signals/vendor/laravel/framework/src/Illuminate/Foundation/Application.php(342): Illuminate/Foundation/Bootstrap/RegisterFacades->bootstrap()
#6 C:/Personal/projects/crypto-futures-signals/vendor/laravel/framework/src/Illuminate/Foundation/Console/Kernel.php(494): Illuminate/Foundation/Application->bootstrapWith()
#7 C:/Personal/projects/crypto-futures-signals/vendor/laravel/framework/src/Illuminate/Foundation/Console/Kernel.php(196): Illuminate/Foundation/Console/Kernel->bootstrap()
#8 C:/Personal/projects/crypto-futures-signals/vendor/laravel/framework/src/Illuminate/Foundation/Application.php(1235): Illuminate/Foundation/Console/Kernel->handle()
#9 C:/Personal/projects/crypto-futures-signals/artisan(10): Illuminate/Foundation/Application->handleCommand()
#10 {main}
"} 
[2026-06-01 15:49:22] local.ERROR: PHP Parse error: Syntax error, unexpected T_NS_SEPARATOR on line 1 {"exception":"[object] (Psy\\Exception\\ParseErrorException(code: 0): PHP Parse error: Syntax error, unexpected T_NS_SEPARATOR on line 1 at C:/Personal/projects/crypto-futures-signals/vendor/psy/psysh/src/Exception/ParseErrorException.php:44)
[stacktrace]
#0 C:/Personal/projects/crypto-futures-signals/vendor/psy/psysh/src/CodeCleaner.php(657): Psy/Exception/ParseErrorException::fromParseError()
#1 C:/Personal/projects/crypto-futures-signals/vendor/psy/psysh/src/CodeCleaner.php(273): Psy/CodeCleaner->parse()
#2 C:/Personal/projects/crypto-futures-signals/vendor/psy/psysh/src/Shell.php(1364): Psy/CodeCleaner->clean()
#3 C:/Personal/projects/crypto-futures-signals/vendor/psy/psysh/src/Shell.php(1471): Psy/Shell->appendCode()
#4 C:/Personal/projects/crypto-futures-signals/vendor/psy/psysh/src/Shell.php(2180): Psy/Shell->setCode()
#5 C:/Personal/projects/crypto-futures-signals/vendor/laravel/tinker/src/Console/TinkerCommand.php(77): Psy/Shell->execute()
#6 C:/Personal/projects/crypto-futures-signals/vendor/laravel/framework/src/Illuminate/Container/BoundMethod.php(36): Laravel/Tinker/Console/TinkerCommand->handle()
#7 C:/Personal/projects/crypto-futures-signals/vendor/laravel/framework/src/Illuminate/Container/Util.php(43): Illuminate/Container/BoundMethod::Illuminate/Container/{closure}()
#8 C:/Personal/projects/crypto-futures-signals/vendor/laravel/framework/src/Illuminate/Container/BoundMethod.php(96): Illuminate/Container/Util::unwrapIfClosure()
#9 C:/Personal/projects/crypto-futures-signals/vendor/laravel/framework/src/Illuminate/Container/BoundMethod.php(35): Illuminate/Container/BoundMethod::callBoundMethod()
#10 C:/Personal/projects/crypto-futures-signals/vendor/laravel/framework/src/Illuminate/Container/Container.php(799): Illuminate/Container/BoundMethod::call()
#11 C:/Personal/projects/crypto-futures-signals/vendor/laravel/framework/src/Illuminate/Console/Command.php(211): Illuminate/Container/Container->call()
#12 C:/Personal/projects/crypto-futures-signals/vendor/symfony/console/Command/Command.php(341): Illuminate/Console/Command->execute()
#13 C:/Personal/projects/crypto-futures-signals/vendor/laravel/framework/src/Illuminate/Console/Command.php(180): Symfony/Component/Console/Command/Command->run()
#14 C:/Personal/projects/crypto-futures-signals/vendor/symfony/console/Application.php(1117): Illuminate/Console/Command->run()
#15 C:/Personal/projects/crypto-futures-signals/vendor/symfony/console/Application.php(356): Symfony/Component/Console/Application->doRunCommand()
#16 C:/Personal/projects/crypto-futures-signals/vendor/symfony/console/Application.php(195): Symfony/Component/Console/Application->doRun()
#17 C:/Personal/projects/crypto-futures-signals/vendor/laravel/framework/src/Illuminate/Foundation/Console/Kernel.php(198): Symfony/Component/Console/Application->run()
#18 C:/Personal/projects/crypto-futures-signals/vendor/laravel/framework/src/Illuminate/Foundation/Application.php(1235): Illuminate/Foundation/Console/Kernel->handle()
#19 C:/Personal/projects/crypto-futures-signals/artisan(10): Illuminate/Foundation/Application->handleCommand()
#20 {main}
"} 
